*** Starting uWSGI 2.0.18 (64bit) on [Sat Jan 25 22:05:16 2020] ***
compiled with version: 7.4.0 on 22 January 2020 13:35:33
os: Linux-4.15.0-72-generic #81-Ubuntu SMP Tue Nov 26 12:20:02 UTC 2019
nodename: iZbp16n0uka4518c5wstapZ
machine: x86_64
clock source: unix
pcre jit disabled
detected number of CPU cores: 1
current working directory: /home/laisent/desktop/dailyfresh
writing pidfile to uwsgi2.pid
detected binary path: /usr/local/bin/uwsgi
uWSGI running as root, you can use --uid/--gid/--chroot options
*** WARNING: you are running uWSGI as root !!! (use the --uid flag) *** 
chdir() to /home/laisent/desktop/dailyfresh
your processes number limit is 7798
your memory page size is 4096 bytes
detected max file descriptor number: 65535
lock engine: pthread robust mutexes
thunder lock: disabled (you can enable it with --thunder-lock)
probably another instance of uWSGI is running on the same address (172.16.153.137:8080).
bind(): Address already in use [core/socket.c line 769]
*** Starting uWSGI 2.0.18 (64bit) on [Sat Jan 25 22:09:04 2020] ***
compiled with version: 7.4.0 on 22 January 2020 13:35:33
os: Linux-4.15.0-72-generic #81-Ubuntu SMP Tue Nov 26 12:20:02 UTC 2019
nodename: iZbp16n0uka4518c5wstapZ
machine: x86_64
clock source: unix
pcre jit disabled
detected number of CPU cores: 1
current working directory: /home/laisent/desktop/dailyfresh
writing pidfile to uwsgi2.pid
detected binary path: /usr/local/bin/uwsgi
uWSGI running as root, you can use --uid/--gid/--chroot options
*** WARNING: you are running uWSGI as root !!! (use the --uid flag) *** 
chdir() to /home/laisent/desktop/dailyfresh
your processes number limit is 7798
your memory page size is 4096 bytes
detected max file descriptor number: 65535
lock engine: pthread robust mutexes
thunder lock: disabled (you can enable it with --thunder-lock)
uWSGI http bound on 172.16.153.137:8081 fd 3
uwsgi socket 0 bound to TCP address 172.16.153.137:8001 fd 6
uWSGI running as root, you can use --uid/--gid/--chroot options
*** WARNING: you are running uWSGI as root !!! (use the --uid flag) *** 
Python version: 3.6.9 (default, Nov  7 2019, 10:44:02)  [GCC 8.3.0]
Python main interpreter initialized at 0x564b2c07f950
uWSGI running as root, you can use --uid/--gid/--chroot options
*** WARNING: you are running uWSGI as root !!! (use the --uid flag) *** 
python threads support enabled
your server socket listen backlog is limited to 100 connections
your mercy for graceful operations on workers is 60 seconds
mapped 416880 bytes (407 KB) for 8 cores
*** Operational MODE: preforking+threaded ***
WSGI app 0 (mountpoint='') ready in 0 seconds on interpreter 0x564b2c07f950 pid: 1196 (default app)
uWSGI running as root, you can use --uid/--gid/--chroot options
*** WARNING: you are running uWSGI as root !!! (use the --uid flag) *** 
*** uWSGI is running in multiple interpreter mode ***
spawned uWSGI master process (pid: 1196)
spawned uWSGI worker 1 (pid: 1198, cores: 2)
spawned uWSGI worker 2 (pid: 1199, cores: 2)
spawned uWSGI worker 3 (pid: 1200, cores: 2)
spawned uWSGI worker 4 (pid: 1201, cores: 2)
spawned uWSGI http 1 (pid: 1202)
gateway "uWSGI http 1" has been buried (pid: 1202)
...brutally killing workers...
worker 1 buried after 2 seconds
worker 2 buried after 2 seconds
worker 3 buried after 2 seconds
worker 4 buried after 2 seconds
binary reloading uWSGI...
chdir() to /home/laisent/desktop/dailyfresh
closing all non-uwsgi socket fds > 2 (max_fd = 65535)...
found fd 6 mapped to socket 0 (172.16.153.137:8001)
running /usr/local/bin/uwsgi
[uWSGI] getting INI configuration from uwsgi2.ini
*** Starting uWSGI 2.0.18 (64bit) on [Sat Jan 25 22:20:43 2020] ***
compiled with version: 7.4.0 on 22 January 2020 13:35:33
os: Linux-4.15.0-72-generic #81-Ubuntu SMP Tue Nov 26 12:20:02 UTC 2019
nodename: iZbp16n0uka4518c5wstapZ
machine: x86_64
clock source: unix
pcre jit disabled
detected number of CPU cores: 1
current working directory: /home/laisent/desktop/dailyfresh
detected binary path: /usr/local/bin/uwsgi
uWSGI running as root, you can use --uid/--gid/--chroot options
*** WARNING: you are running uWSGI as root !!! (use the --uid flag) *** 
chdir() to /home/laisent/desktop/dailyfresh
your processes number limit is 7798
your memory page size is 4096 bytes
detected max file descriptor number: 65535
lock engine: pthread robust mutexes
thunder lock: disabled (you can enable it with --thunder-lock)
uWSGI http bound on 172.16.153.137:8081 fd 3
uwsgi socket 0 inherited INET address 172.16.153.137:8001 fd 6
uWSGI running as root, you can use --uid/--gid/--chroot options
*** WARNING: you are running uWSGI as root !!! (use the --uid flag) *** 
Python version: 3.6.9 (default, Nov  7 2019, 10:44:02)  [GCC 8.3.0]
Python main interpreter initialized at 0x556248d9b8c0
uWSGI running as root, you can use --uid/--gid/--chroot options
*** WARNING: you are running uWSGI as root !!! (use the --uid flag) *** 
python threads support enabled
your server socket listen backlog is limited to 100 connections
your mercy for graceful operations on workers is 60 seconds
mapped 416880 bytes (407 KB) for 8 cores
*** Operational MODE: preforking+threaded ***
WSGI app 0 (mountpoint='') ready in 1 seconds on interpreter 0x556248d9b8c0 pid: 1196 (default app)
uWSGI running as root, you can use --uid/--gid/--chroot options
*** WARNING: you are running uWSGI as root !!! (use the --uid flag) *** 
*** uWSGI is running in multiple interpreter mode ***
gracefully (RE)spawned uWSGI master process (pid: 1196)
spawned uWSGI worker 1 (pid: 1450, cores: 2)
spawned uWSGI worker 2 (pid: 1451, cores: 2)
spawned uWSGI worker 3 (pid: 1452, cores: 2)
spawned uWSGI worker 4 (pid: 1453, cores: 2)
spawned uWSGI http 1 (pid: 1454)
Sat Jan 25 22:22:11 2020 - uWSGI worker 1 screams: UAAAAAAH my master disconnected: i will kill myself !!!
